Determining if the pthread_create exist failed with the following output:
Change Dir: /home/ryan/RBE3002/build/CMakeFiles/CMakeTmp

Run Build Command:/usr/bin/make "cmTryCompileExec4173048891/fast"
/usr/bin/make -f CMakeFiles/cmTryCompileExec4173048891.dir/build.make CMakeFiles/cmTryCompileExec4173048891.dir/build
make[1]: Entering directory `/home/ryan/RBE3002/build/CMakeFiles/CMakeTmp'
/usr/bin/cmake -E cmake_progress_report /home/ryan/RBE3002/build/CMakeFiles/CMakeTmp/CMakeFiles 1
Building C object CMakeFiles/cmTryCompileExec4173048891.dir/CheckSymbolExists.c.o
/usr/bin/cc    -o CMakeFiles/cmTryCompileExec4173048891.dir/CheckSymbolExists.c.o   -c /home/ryan/RBE3002/build/CMakeFiles/CMakeTmp/CheckSymbolExists.c
Linking C executable cmTryCompileExec4173048891
/usr/bin/cmake -E cmake_link_script CMakeFiles/cmTryCompileExec4173048891.dir/link.txt --verbose=1
/usr/bin/cc       CMakeFiles/cmTryCompileExec4173048891.dir/CheckSymbolExists.c.o  -o cmTryCompileExec4173048891 -rdynamic 
CMakeFiles/cmTryCompileExec4173048891.dir/CheckSymbolExists.c.o: In function `main':
CheckSymbolExists.c:(.text+0x16): undefined reference to `pthread_create'
collect2: error: ld returned 1 exit status
make[1]: Leaving directory `/home/ryan/RBE3002/build/CMakeFiles/CMakeTmp'
make[1]: *** [cmTryCompileExec4173048891] Error 1
make: *** [cmTryCompileExec4173048891/fast] Error 2

File /home/ryan/RBE3002/build/CMakeFiles/CMakeTmp/CheckSymbolExists.c:
/* */
#include <pthread.h>

int main(int argc, char** argv)
{
  (void)argv;
#ifndef pthread_create
  return ((int*)(&pthread_create))[argc];
#else
  (void)argc;
  return 0;
#endif
}

Determining if the function pthread_create exists in the pthreads failed with the following output:
Change Dir: /home/ryan/RBE3002/build/CMakeFiles/CMakeTmp

Run Build Command:/usr/bin/make "cmTryCompileExec3168090330/fast"
/usr/bin/make -f CMakeFiles/cmTryCompileExec3168090330.dir/build.make CMakeFiles/cmTryCompileExec3168090330.dir/build
make[1]: Entering directory `/home/ryan/RBE3002/build/CMakeFiles/CMakeTmp'
/usr/bin/cmake -E cmake_progress_report /home/ryan/RBE3002/build/CMakeFiles/CMakeTmp/CMakeFiles 1
Building C object CMakeFiles/cmTryCompileExec3168090330.dir/CheckFunctionExists.c.o
/usr/bin/cc   -DCHECK_FUNCTION_EXISTS=pthread_create   -o CMakeFiles/cmTryCompileExec3168090330.dir/CheckFunctionExists.c.o   -c /usr/share/cmake-2.8/Modules/CheckFunctionExists.c
Linking C executable cmTryCompileExec3168090330
/usr/bin/cmake -E cmake_link_script CMakeFiles/cmTryCompileExec3168090330.dir/link.txt --verbose=1
/usr/bin/cc   -DCHECK_FUNCTION_EXISTS=pthread_create    CMakeFiles/cmTryCompileExec3168090330.dir/CheckFunctionExists.c.o  -o cmTryCompileExec3168090330 -rdynamic -lpthreads 
/usr/bin/ld: cannot find -lpthreads
collect2: error: ld returned 1 exit status
make[1]: Leaving directory `/home/ryan/RBE3002/build/CMakeFiles/CMakeTmp'
make[1]: *** [cmTryCompileExec3168090330] Error 1
make: *** [cmTryCompileExec3168090330/fast] Error 2


